[debug] [2026-02-04T05:19:21.707Z] ----------------------------------------------------------------------
[debug] [2026-02-04T05:19:21.718Z] Command:       /usr/local/bin/firebase /Users/peleg.somech/.cache/firebase/tools/lib/node_modules/firebase-tools/lib/bin/firebase apphosting:secrets:set clerk-publishable-key --project retaincrm-ab8ab
[debug] [2026-02-04T05:19:21.718Z] CLI Version:   14.27.0
[debug] [2026-02-04T05:19:21.718Z] Platform:      darwin
[debug] [2026-02-04T05:19:21.718Z] Node Version:  v20.18.2
[debug] [2026-02-04T05:19:21.719Z] Time:          Tue Feb 03 2026 21:19:21 GMT-0800 (Pacific Standard Time)
[debug] [2026-02-04T05:19:21.720Z] ----------------------------------------------------------------------
[debug] 
[debug] [2026-02-04T05:19:22.028Z] Object "/hosting" in "firebase.json" has unknown property: {"additionalProperty":"framework"}
[debug] [2026-02-04T05:19:22.029Z] Field "/hosting" in "firebase.json" is possibly invalid: must be array
[debug] [2026-02-04T05:19:22.029Z] Field "/hosting" in "firebase.json" is possibly invalid: must match a schema in anyOf
[debug] [2026-02-04T05:19:22.038Z] > command requires scopes: ["email","openid","https://www.googleapis.com/auth/cloudplatformprojects.readonly","https://www.googleapis.com/auth/firebase","https://www.googleapis.com/auth/cloud-platform"]
[debug] [2026-02-04T05:19:22.040Z] > authorizing via signed-in user (pelegapple@gmail.com)
[debug] [2026-02-04T05:19:22.043Z] > command requires scopes: ["email","openid","https://www.googleapis.com/auth/cloudplatformprojects.readonly","https://www.googleapis.com/auth/firebase","https://www.googleapis.com/auth/cloud-platform"]
[debug] [2026-02-04T05:19:22.044Z] > authorizing via signed-in user (pelegapple@gmail.com)
[debug] [2026-02-04T05:19:22.044Z] [iam] checking project retaincrm-ab8ab for permissions ["firebase.projects.get","secretmanager.secrets.create","secretmanager.secrets.get","secretmanager.secrets.getIamPolicy","secretmanager.secrets.setIamPolicy","secretmanager.secrets.update","secretmanager.versions.add"]
[debug] [2026-02-04T05:19:22.046Z] Checked if tokens are valid: false, expires at: 1770183021711
[debug] [2026-02-04T05:19:22.046Z] Checked if tokens are valid: false, expires at: 1770183021711
[debug] [2026-02-04T05:19:22.047Z] > refreshing access token with scopes: []
[debug] [2026-02-04T05:19:22.050Z] >>> [apiv2][query] POST https://www.googleapis.com/oauth2/v3/token [none]
[debug] [2026-02-04T05:19:22.050Z] >>> [apiv2][body] POST https://www.googleapis.com/oauth2/v3/token [omitted]
[debug] [2026-02-04T05:19:22.852Z] <<< [apiv2][status] POST https://www.googleapis.com/oauth2/v3/token 200
[debug] [2026-02-04T05:19:22.852Z] <<< [apiv2][body] POST https://www.googleapis.com/oauth2/v3/token [omitted]
[debug] [2026-02-04T05:19:22.868Z] >>> [apiv2][query] POST https://cloudresourcemanager.googleapis.com/v1/projects/retaincrm-ab8ab:testIamPermissions [none]
[debug] [2026-02-04T05:19:22.868Z] >>> [apiv2][(partial)header] POST https://cloudresourcemanager.googleapis.com/v1/projects/retaincrm-ab8ab:testIamPermissions x-goog-quota-user=projects/retaincrm-ab8ab
[debug] [2026-02-04T05:19:22.868Z] >>> [apiv2][body] POST https://cloudresourcemanager.googleapis.com/v1/projects/retaincrm-ab8ab:testIamPermissions {"permissions":["firebase.projects.get","secretmanager.secrets.create","secretmanager.secrets.get","secretmanager.secrets.getIamPolicy","secretmanager.secrets.setIamPolicy","secretmanager.secrets.update","secretmanager.versions.add"]}
[debug] [2026-02-04T05:19:23.558Z] <<< [apiv2][status] POST https://cloudresourcemanager.googleapis.com/v1/projects/retaincrm-ab8ab:testIamPermissions 200
[debug] [2026-02-04T05:19:23.558Z] <<< [apiv2][body] POST https://cloudresourcemanager.googleapis.com/v1/projects/retaincrm-ab8ab:testIamPermissions {"permissions":["firebase.projects.get","secretmanager.secrets.create","secretmanager.secrets.get","secretmanager.secrets.getIamPolicy","secretmanager.secrets.setIamPolicy","secretmanager.secrets.update","secretmanager.versions.add"]}
[debug] [2026-02-04T05:19:23.561Z] Checked if tokens are valid: true, expires at: 1770185961852
[debug] [2026-02-04T05:19:23.562Z] Checked if tokens are valid: true, expires at: 1770185961852
[debug] [2026-02-04T05:19:23.562Z] >>> [apiv2][query] GET https://cloudresourcemanager.googleapis.com/v1/projects/retaincrm-ab8ab [none]
[debug] [2026-02-04T05:19:23.693Z] <<< [apiv2][status] GET https://cloudresourcemanager.googleapis.com/v1/projects/retaincrm-ab8ab 200
[debug] [2026-02-04T05:19:23.694Z] <<< [apiv2][body] GET https://cloudresourcemanager.googleapis.com/v1/projects/retaincrm-ab8ab {"projectNumber":"1093823588568","projectId":"retaincrm-ab8ab","lifecycleState":"ACTIVE","name":"RetainCRM","labels":{"firebase":"enabled","firebase-core":"disabled"},"createTime":"2026-02-04T04:31:03.328652Z"}
[debug] [2026-02-04T05:19:23.694Z] Checked if tokens are valid: true, expires at: 1770185961852
[debug] [2026-02-04T05:19:23.694Z] Checked if tokens are valid: true, expires at: 1770185961852
[debug] [2026-02-04T05:19:23.694Z] >>> [apiv2][query] GET https://secretmanager.googleapis.com/v1/projects/retaincrm-ab8ab/secrets/clerk-publishable-key [none]
[debug] [2026-02-04T05:19:23.880Z] <<< [apiv2][status] GET https://secretmanager.googleapis.com/v1/projects/retaincrm-ab8ab/secrets/clerk-publishable-key 404
[debug] [2026-02-04T05:19:23.880Z] <<< [apiv2][body] GET https://secretmanager.googleapis.com/v1/projects/retaincrm-ab8ab/secrets/clerk-publishable-key {"error":{"code":404,"message":"Secret [projects/1093823588568/secrets/clerk-publishable-key] not found.","status":"NOT_FOUND"}}
[debug] [2026-02-04T05:19:23.882Z] Checked if tokens are valid: true, expires at: 1770185961852
[debug] [2026-02-04T05:19:23.882Z] Checked if tokens are valid: true, expires at: 1770185961852
[debug] [2026-02-04T05:19:23.883Z] >>> [apiv2][query] POST https://secretmanager.googleapis.com/v1/projects/retaincrm-ab8ab/secrets secretId=clerk-publishable-key
[debug] [2026-02-04T05:19:23.883Z] >>> [apiv2][body] POST https://secretmanager.googleapis.com/v1/projects/retaincrm-ab8ab/secrets {"name":"clerk-publishable-key","replication":{"automatic":{}},"labels":{"firebase-managed":"apphosting"}}
[debug] [2026-02-04T05:19:24.456Z] <<< [apiv2][status] POST https://secretmanager.googleapis.com/v1/projects/retaincrm-ab8ab/secrets 200
[debug] [2026-02-04T05:19:24.457Z] <<< [apiv2][body] POST https://secretmanager.googleapis.com/v1/projects/retaincrm-ab8ab/secrets {"name":"projects/1093823588568/secrets/clerk-publishable-key","replication":{"automatic":{}},"createTime":"2026-02-04T05:19:23.991620Z","labels":{"firebase-managed":"apphosting"},"etag":"\"1649f8b3054571\""}
[info] ✔  Created new secret projects/retaincrm-ab8ab/secrets/clerk-publishable-key 
[debug] [2026-02-04T05:24:45.393Z] ExitPromptError: User force closed the prompt with SIGINT
    at Interface.sigint (/Users/peleg.somech/.cache/firebase/tools/lib/node_modules/@inquirer/core/dist/commonjs/lib/create-prompt.js:101:37)
    at Interface.emit (node:events:518:28)
    at Interface.emit (node:domain:489:12)
    at [_ttyWrite] [as _ttyWrite] (node:internal/readline/interface:1125:18)
    at ReadStream.onkeypress (node:internal/readline/interface:264:20)
    at ReadStream.emit (node:events:530:35)
    at ReadStream.emit (node:domain:489:12)
    at emitKeys (node:internal/readline/utils:371:14)
    at emitKeys.next (<anonymous>)
    at ReadStream.onData (node:internal/readline/emitKeypressEvents:64:36)
[error] 
[error] Error: An unexpected error has occurred.
